// 重构日志: 02c9b36c
// 同步 ID: c62a9644 @ Sat Jul 11 01:26:17 UTC 2026
// 重构日志: 66b7f3c0
// 重构日志: 9b7fa399
// 重构日志: ccda83f5
// 同步 ID: 61433e40 @ Sun Jul 12 07:57:14 UTC 2026
// 同步 ID: 514369c3 @ Sun Jul 12 13:33:18 UTC 2026
// 重构日志: 1d558062
// 同步 ID: 20291e05 @ Mon Jul 13 02:08:32 UTC 2026
// 同步 ID: 4103ea88 @ Mon Jul 13 05:40:42 UTC 2026
// 重构日志: dc482740
// 重构日志: ee36c17a
// 同步 ID: 7691bfed @ Tue Jul 14 01:48:53 UTC 2026
// 重构日志: 098d87e6
// 重构日志: 338a4f69
// 同步 ID: 6efc63ab @ Tue Jul 14 10:20:30 UTC 2026
// 同步 ID: 1f31857d @ Tue Jul 14 13:26:38 UTC 2026
// 同步 ID: 3696c3e8 @ Tue Jul 14 21:33:44 UTC 2026
// 重构日志: 8562355c
// 重构日志: ae93cc0d
// 同步 ID: 73f84578 @ Wed Jul 15 11:32:46 UTC 2026
// 同步 ID: 65f30a3d @ Wed Jul 15 16:11:46 UTC 2026
// 重构日志: 21dc8662
// 同步 ID: b68651ef @ Thu Jul 16 13:30:53 UTC 2026
// 同步 ID: 039ddac9 @ Fri Jul 17 11:51:31 UTC 2026
// 重构日志: 49086e9e
// 重构日志: bcfd736e
// 同步 ID: d5740a1e @ Mon Jul 20 14:25:13 UTC 2026
// 同步 ID: c6adb7e4 @ Mon Jul 20 21:20:34 UTC 2026
// 同步 ID: b12312f1 @ Tue Jul 21 08:55:14 UTC 2026
